lockdown-install.js:1 Removing unpermitted intrinsics
analytics.js?v=1.1:36 Analytics Module v1.1 initializing...
animations.js?v=1.1:6 Animations Module v1.1 initializing...
animations.js?v=1.1:11 ScrollTrigger plugin registered
animations.js?v=1.1:265 Starting animation initialization...
animations.js?v=1.1:281 Showing content immediately...
animations.js?v=1.1:298 Mountain and gradient layers visible
spinners.js?v=1.1:2 Spinners Module v1.1 initializing...
animations.js:6 Animations Module v1.1 initializing...
animations.js:11 ScrollTrigger plugin registered
animations.js:265 Starting animation initialization...
animations.js:281 Showing content immediately...
animations.js:298 Mountain and gradient layers visible
spinners.js:2 Spinners Module v1.1 initializing...
main.js?v=1.1:94 Main Module v1.1 initializing...
main.js?v=1.1:54 DOM loaded, initializing application...
main.js?v=1.1:59 Animations module loaded
animations.js:265 Starting animation initialization...
animations.js:281 Showing content immediately...
animations.js:298 Mountain and gradient layers visible
main.js?v=1.1:67 UX detector module loaded
main.js?v=1.1:74 Controls module loaded
main.js?v=1.1:81 Spinners module loaded
analytics.js:36 Analytics Module v1.1 initializing...
main.js?v=1.1:88 Analytics module loaded
animations.js?v=1.1:30 Initializing WaveSurfer...
animations.js?v=1.1:258 Error initializing WaveSurfer: TypeError: Cannot read properties of undefined (reading 'create')
    at initWaveSurfer (animations.js?v=1.1:61:37)
    at initAnimations (animations.js?v=1.1:273:9)
initWaveSurfer @ animations.js?v=1.1:258
initAnimations @ animations.js?v=1.1:273
await in initAnimations
(anonymous) @ animations.js?v=1.1:313
animations.js?v=1.1:277 Animation initialization complete
animations.js:30 Initializing WaveSurfer...
animations.js:258 Error initializing WaveSurfer: TypeError: Cannot read properties of undefined (reading 'create')
    at initWaveSurfer (animations.js:61:37)
    at initAnimations (animations.js:273:9)
initWaveSurfer @ animations.js:258
initAnimations @ animations.js:273
await in initAnimations
(anonymous) @ animations.js:313
animations.js:277 Animation initialization complete
animations.js:30 Initializing WaveSurfer...
animations.js:258 Error initializing WaveSurfer: TypeError: Cannot read properties of undefined (reading 'create')
    at initWaveSurfer (animations.js:61:37)
    at Module.initAnimations (animations.js:273:9)
initWaveSurfer @ animations.js:258
initAnimations @ animations.js:273
await in initAnimations
(anonymous) @ main.js?v=1.1:60
Promise.then
(anonymous) @ main.js?v=1.1:58
animations.js:277 Animation initialization complete
