lockdown-install.js:1 Removing unpermitted intrinsics
animations.js?v=1.0.0&r=728566891:6 Animations Module v1.0.0 initializing...
animations.js?v=1.0.0&r=728566891:11 ScrollTrigger plugin registered
animations.js?v=1.0.0&r=728566891:135 Starting animation initialization...
animations.js?v=1.0.0&r=728566891:147 Showing content immediately...
animations.js?v=1.0.0&r=728566891:164 Mountain and gradient layers visible
animations.js?v=1.0.0&r=728566891:30 Initializing WaveSurfer...
animations.js?v=1.0.0&r=728566891:54 Uncaught (in promise) TypeError: Cannot read properties of undefined (reading 'create')
    at initWaveSurfer (animations.js?v=1.0.0&r=728566891:54:33)
    at initAnimations (animations.js?v=1.0.0&r=728566891:142:5)
initWaveSurfer @ animations.js?v=1.0.0&r=728566891:54
initAnimations @ animations.js?v=1.0.0&r=728566891:142
await in initAnimations
(anonymous) @ animations.js?v=1.0.0&r=728566891:179
animations.js:6 Animations Module v1.0.0 initializing...
animations.js:11 ScrollTrigger plugin registered
animations.js:135 Starting animation initialization...
animations.js:147 Showing content immediately...
animations.js:164 Mountain and gradient layers visible
main.js?v=1.0.0&r=728566891:54 DOM loaded, initializing application...
main.js?v=1.0.0&r=728566891:59 Animations module loaded
animations.js:135 Starting animation initialization...
animations.js:147 Showing content immediately...
animations.js:164 Mountain and gradient layers visible
main.js?v=1.0.0&r=728566891:67 UX detector module loaded
main.js?v=1.0.0&r=728566891:74 Controls module loaded
main.js?v=1.0.0&r=728566891:81 Spinners module loaded
main.js?v=1.0.0&r=728566891:88 Analytics module loaded
animations.js:30 Initializing WaveSurfer...
animations.js:30 Initializing WaveSurfer...
animations.js:54 Uncaught (in promise) TypeError: Cannot read properties of undefined (reading 'create')
    at initWaveSurfer (animations.js:54:33)
    at initAnimations (animations.js:142:5)
initWaveSurfer @ animations.js:54
initAnimations @ animations.js:142
await in initAnimations
(anonymous) @ animations.js:179
animations.js:54 Uncaught (in promise) TypeError: Cannot read properties of undefined (reading 'create')
    at initWaveSurfer (animations.js:54:33)
    at Module.initAnimations (animations.js:142:5)
initWaveSurfer @ animations.js:54
initAnimations @ animations.js:142
await in initAnimations
(anonymous) @ main.js?v=1.0.0&r=728566891:60
Promise.then
(anonymous) @ main.js?v=1.0.0&r=728566891:58
